<?xml version="1.0" encoding="UTF-8"?>
<!-- Generated by org.testng.reporters.JUnitReportReporter -->
<testsuite hostname="shilpa-X510UAR" failures="0" tests="2" name="TestRunner.testRunner" time="13.985" errors="0" timestamp="5 Apr 2022 17:08:20 GMT">
  <testcase classname="TestRunner.testRunner" name="runScenario" time="2.819"/>
  <testcase classname="TestRunner.testRunner" name="runScenario" time="11.166"/>
</testsuite>
