<?xml version="1.0" encoding="UTF-8"?>
<!-- Generated by org.testng.reporters.JUnitReportReporter -->
<testsuite hostname="shilpa-X510UAR" failures="0" tests="2" name="TestRunner.testRunner" time="8.298" errors="0" timestamp="4 Apr 2022 23:43:56 GMT">
  <testcase classname="TestRunner.testRunner" name="runScenario" time="2.925"/>
  <testcase classname="TestRunner.testRunner" name="runScenario" time="5.373"/>
</testsuite>
